<?xml version="1.0" encoding="UTF-8"?>
<!-- Generated by org.testng.reporters.JUnitReportReporter -->
<testsuite skipped="0" hostname="Dell-PC" name="qaclickacademy.SeleniumTest" tests="2" failures="0" timestamp="15 Jul 2019 08:00:14 GMT" time="0.018" errors="0">
  <testcase name="BrowserAutomation" time="0.018" classname="qaclickacademy.SeleniumTest"/>
  <testcase name="ElementsUI" time="0.000" classname="qaclickacademy.SeleniumTest"/>
</testsuite> <!-- qaclickacademy.SeleniumTest -->
