<?xml version="1.0" encoding="UTF-8"?>
<!-- Generated by org.testng.reporters.JUnitReportReporter -->
<testsuite skipped="0" hostname="Dell-PC" name="qaclickacademy.AppiumTest" tests="2" failures="0" timestamp="15 Jul 2019 07:42:33 GMT" time="0.002" errors="0">
  <testcase name="IOSApps" time="0.001" classname="qaclickacademy.AppiumTest"/>
  <testcase name="nativeAppAndroid" time="0.001" classname="qaclickacademy.AppiumTest"/>
</testsuite> <!-- qaclickacademy.AppiumTest -->
